<?xml version="1.0" encoding="UTF-8"?>
<testsuite xmlns:xsi="http://www.w3.org/2001/XMLSchema-instance" xsi:noNamespaceSchemaLocation="https://maven.apache.org/surefire/maven-surefire-plugin/xsd/surefire-test-report-3.0.xsd" version="3.0" name="com.mcic.models.LibroTest" time="0.278" tests="26" errors="0" skipped="0" failures="0">
  <properties>
[...]
</properties>
  <testcase name="testValidarTituloVacio" classname="com.mcic.models.LibroTest" time="0.111"/>
  <testcase name="testValidarAutorVacio" classname="com.mcic.models.LibroTest" time="0.004"/>
  <testcase name="testValidarISBNNulo" classname="com.mcic.models.LibroTest" time="0.003"/>
  <testcase name="testValidarLibroValido" classname="com.mcic.models.LibroTest" time="0.005"/>
  <testcase name="testLibroVacio" classname="com.mcic.models.LibroTest" time="0.005"/>
  <testcase name="testIncrementarStockInvalido" classname="com.mcic.models.LibroTest" time="0.005"/>
  <testcase name="testValidarCantidadCero" classname="com.mcic.models.LibroTest" time="0.002"/>
  <testcase name="testIncrementarStock" classname="com.mcic.models.LibroTest" time="0.002"/>
  <testcase name="testDecrementarStockInsuficiente" classname="com.mcic.models.LibroTest" time="0.004"/>
  <testcase name="testGetters" classname="com.mcic.models.LibroTest" time="0.005"/>
  <testcase name="testValidarAutorNulo" classname="com.mcic.models.LibroTest" time="0.003"/>
  <testcase name="testCambioMultipleId" classname="com.mcic.models.LibroTest" time="0.002"/>
  <testcase name="testValidarTituloNulo" classname="com.mcic.models.LibroTest" time="0.003"/>
  <testcase name="testCreacionLibro" classname="com.mcic.models.LibroTest" time="0.002"/>
  <testcase name="testValidarISBNConFormato" classname="com.mcic.models.LibroTest" time="0.006"/>
  <testcase name="testCantidadEnConstructor" classname="com.mcic.models.LibroTest" time="0.002"/>
  <testcase name="testValidarISBNCorto" classname="com.mcic.models.LibroTest" time="0.003"/>
  <testcase name="testValidarISBNVacio" classname="com.mcic.models.LibroTest" time="0.003"/>
  <testcase name="testSetCantidad" classname="com.mcic.models.LibroTest" time="0.002"/>
  <testcase name="testDecrementarStockInvalido" classname="com.mcic.models.LibroTest" time="0.002"/>
  <testcase name="testDecrementarStock" classname="com.mcic.models.LibroTest" time="0.002"/>
  <testcase name="testSetCantidadNegativa" classname="com.mcic.models.LibroTest" time="0.001"/>
  <testcase name="testCantidadPorDefecto" classname="com.mcic.models.LibroTest" time="0.002"/>
  <testcase name="testSetters" classname="com.mcic.models.LibroTest" time="0.002"/>
  <testcase name="testCantidadNegativaEnConstructor" classname="com.mcic.models.LibroTest" time="0.002"/>
  <testcase name="testValoresNulos" classname="com.mcic.models.LibroTest" time="0.001"/>
</testsuite>