<?xml version="1.0" encoding="UTF-8"?>
<testsuite xmlns:xsi="http://www.w3.org/2001/XMLSchema-instance" xsi:noNamespaceSchemaLocation="https://maven.apache.org/surefire/maven-surefire-plugin/xsd/surefire-test-report-3.0.xsd" version="3.0" name="com.mcic.RunCucumberTest" time="0.796" tests="10" errors="0" skipped="0" failures="0">
  <properties>
[...]
</properties>
  <testcase name="Agregar libro con datos válidos" classname="Agregar libros a la biblioteca" time="0.077">
    <system-out><![CDATA[
Escenario: Agregar libro con datos válidos                                                                         &amp#27;[90m# features/agregar_libros.feature:5&amp#27;[0m
  &amp#27;[32mDado &amp#27;[0m&amp#27;[32mque tengo un catálogo vacío&amp#27;[0m                                                                                 &amp#27;[90m# com.mcic.steps.BibliotecaSteps.catalogoVacio()&amp#27;[0m
  &amp#27;[32mCuando &amp#27;[0m&amp#27;[32magrego un libro con título &amp#27;[0m&amp#27;[32m&amp#27;[1m"Cien años de soledad"&amp#27;[0m&amp#27;[32m, autor &amp#27;[0m&amp#27;[32m&amp#27;[1m"Gabriel García Márquez"&amp#27;[0m&amp#27;[32m e ISBN &amp#27;[0m&amp#27;[32m&amp#27;[1m"978-0307474728"&amp#27;[0m &amp#27;[90m# com.mcic.steps.BibliotecaSteps.agregarLibro(java.lang.String,java.lang.String,java.lang.String)&amp#27;[0m
  &amp#27;[32mEntonces &amp#27;[0m&amp#27;[32mel libro existe en el catálogo&amp#27;[0m                                                                          &amp#27;[90m# com.mcic.steps.BibliotecaSteps.libroExisteEnCatalogo()&amp#27;[0m
  &amp#27;[32mY &amp#27;[0m&amp#27;[32mel libro tiene un ID asignado&amp#27;[0m                                                                                  &amp#27;[90m# com.mcic.steps.BibliotecaSteps.libroTieneId()&amp#27;[0m
  &amp#27;[32mY &amp#27;[0m&amp#27;[32mel total de libros es &amp#27;[0m&amp#27;[32m&amp#27;[1m1&amp#27;[0m                                                                                        &amp#27;[90m# com.mcic.steps.BibliotecaSteps.totalDeLibros(int)&amp#27;[0m
]]></system-out>
  </testcase>
  <testcase name="Agregar múltiples libros" classname="Agregar libros a la biblioteca" time="0.014">
    <system-out><![CDATA[
Escenario: Agregar múltiples libros                                                                    &amp#27;[90m# features/agregar_libros.feature:12&amp#27;[0m
  &amp#27;[32mDado &amp#27;[0m&amp#27;[32mque tengo un catálogo vacío&amp#27;[0m                                                                     &amp#27;[90m# com.mcic.steps.BibliotecaSteps.catalogoVacio()&amp#27;[0m
  &amp#27;[32mCuando &amp#27;[0m&amp#27;[32magrego un libro con título &amp#27;[0m&amp#27;[32m&amp#27;[1m"Don Quijote"&amp#27;[0m&amp#27;[32m, autor &amp#27;[0m&amp#27;[32m&amp#27;[1m"Miguel de Cervantes"&amp#27;[0m&amp#27;[32m e ISBN &amp#27;[0m&amp#27;[32m&amp#27;[1m"978-8424936464"&amp#27;[0m &amp#27;[90m# com.mcic.steps.BibliotecaSteps.agregarLibro(java.lang.String,java.lang.String,java.lang.String)&amp#27;[0m
  &amp#27;[32mY &amp#27;[0m&amp#27;[32magrego un libro con título &amp#27;[0m&amp#27;[32m&amp#27;[1m"1984"&amp#27;[0m&amp#27;[32m, autor &amp#27;[0m&amp#27;[32m&amp#27;[1m"George Orwell"&amp#27;[0m&amp#27;[32m e ISBN &amp#27;[0m&amp#27;[32m&amp#27;[1m"978-0451524935"&amp#27;[0m                   &amp#27;[90m# com.mcic.steps.BibliotecaSteps.agregarLibro(java.lang.String,java.lang.String,java.lang.String)&amp#27;[0m
  &amp#27;[32mEntonces &amp#27;[0m&amp#27;[32mel total de libros es &amp#27;[0m&amp#27;[32m&amp#27;[1m2&amp#27;[0m                                                                     &amp#27;[90m# com.mcic.steps.BibliotecaSteps.totalDeLibros(int)&amp#27;[0m
]]></system-out>
  </testcase>
  <testcase name="Impedir agregar libro con título vacío" classname="Agregar libros a la biblioteca" time="0.013">
    <system-out><![CDATA[
Escenario: Impedir agregar libro con título vacío                                      &amp#27;[90m# features/agregar_libros.feature:18&amp#27;[0m
  &amp#27;[32mDado &amp#27;[0m&amp#27;[32mque tengo un catálogo vacío&amp#27;[0m                                                     &amp#27;[90m# com.mcic.steps.BibliotecaSteps.catalogoVacio()&amp#27;[0m
  &amp#27;[32mCuando &amp#27;[0m&amp#27;[32mintento agregar un libro con título &amp#27;[0m&amp#27;[32m&amp#27;[1m""&amp#27;[0m&amp#27;[32m, autor &amp#27;[0m&amp#27;[32m&amp#27;[1m"Autor Test"&amp#27;[0m&amp#27;[32m e ISBN &amp#27;[0m&amp#27;[32m&amp#27;[1m"123456789"&amp#27;[0m &amp#27;[90m# com.mcic.steps.BibliotecaSteps.intentarAgregarLibro(java.lang.String,java.lang.String,java.lang.String)&amp#27;[0m
  &amp#27;[32mEntonces &amp#27;[0m&amp#27;[32mse muestra un error &amp#27;[0m&amp#27;[32m&amp#27;[1m"El título no puede estar vacío"&amp#27;[0m                        &amp#27;[90m# com.mcic.steps.BibliotecaSteps.seMuestraError(java.lang.String)&amp#27;[0m
  &amp#27;[32mY &amp#27;[0m&amp#27;[32mel total de libros es &amp#27;[0m&amp#27;[32m&amp#27;[1m0&amp#27;[0m                                                            &amp#27;[90m# com.mcic.steps.BibliotecaSteps.totalDeLibros(int)&amp#27;[0m
]]></system-out>
  </testcase>
  <testcase name="Listar todos los libros" classname="Listar y eliminar libros" time="0.016">
    <system-out><![CDATA[
Escenario: Listar todos los libros &amp#27;[90m# features/listar_eliminar.feature:13&amp#27;[0m
  &amp#27;[32mDado &amp#27;[0m&amp#27;[32mque tengo un catálogo vacío&amp#27;[0m &amp#27;[90m# com.mcic.steps.BibliotecaSteps.catalogoVacio()&amp#27;[0m
  &amp#27;[32mY &amp#27;[0m&amp#27;[32mexisten los siguientes libros:&amp#27;[0m &amp#27;[90m# com.mcic.steps.BibliotecaSteps.existenLibros(io.cucumber.datatable.DataTable)&amp#27;[0m
    | titulo               | autor                  | isbn           |
    | Cien años de soledad | Gabriel García Márquez | 978-0307474728 |
    | Don Quijote          | Miguel de Cervantes    | 978-8424936464 |
    | 1984                 | George Orwell          | 978-0451524935 |
  &amp#27;[32mCuando &amp#27;[0m&amp#27;[32mconsulto el catálogo&amp#27;[0m      &amp#27;[90m# com.mcic.steps.BibliotecaSteps.consultarCatalogo()&amp#27;[0m
  &amp#27;[32mEntonces &amp#27;[0m&amp#27;[32mveo &amp#27;[0m&amp#27;[32m&amp#27;[1m3&amp#27;[0m&amp#27;[32m libro(s)&amp#27;[0m          &amp#27;[90m# com.mcic.steps.BibliotecaSteps.veoNLibros(int)&amp#27;[0m
]]></system-out>
  </testcase>
  <testcase name="Eliminar un libro específico" classname="Listar y eliminar libros" time="0.009">
    <system-out><![CDATA[
Escenario: Eliminar un libro específico             &amp#27;[90m# features/listar_eliminar.feature:17&amp#27;[0m
  &amp#27;[32mDado &amp#27;[0m&amp#27;[32mque tengo un catálogo vacío&amp#27;[0m                  &amp#27;[90m# com.mcic.steps.BibliotecaSteps.catalogoVacio()&amp#27;[0m
  &amp#27;[32mY &amp#27;[0m&amp#27;[32mexisten los siguientes libros:&amp#27;[0m                  &amp#27;[90m# com.mcic.steps.BibliotecaSteps.existenLibros(io.cucumber.datatable.DataTable)&amp#27;[0m
    | titulo               | autor                  | isbn           |
    | Cien años de soledad | Gabriel García Márquez | 978-0307474728 |
    | Don Quijote          | Miguel de Cervantes    | 978-8424936464 |
    | 1984                 | George Orwell          | 978-0451524935 |
  &amp#27;[32mCuando &amp#27;[0m&amp#27;[32melimino el libro con título &amp#27;[0m&amp#27;[32m&amp#27;[1m"Don Quijote"&amp#27;[0m  &amp#27;[90m# com.mcic.steps.BibliotecaSteps.eliminarLibroPorTitulo(java.lang.String)&amp#27;[0m
  &amp#27;[32mEntonces &amp#27;[0m&amp#27;[32mel total de libros es &amp#27;[0m&amp#27;[32m&amp#27;[1m2&amp#27;[0m                  &amp#27;[90m# com.mcic.steps.BibliotecaSteps.totalDeLibros(int)&amp#27;[0m
  &amp#27;[32mY &amp#27;[0m&amp#27;[32mel libro &amp#27;[0m&amp#27;[32m&amp#27;[1m"Don Quijote"&amp#27;[0m&amp#27;[32m no existe en el catálogo&amp#27;[0m &amp#27;[90m# com.mcic.steps.BibliotecaSteps.libroNoExiste(java.lang.String)&amp#27;[0m
]]></system-out>
  </testcase>
  <testcase name="Catálogo vacío muestra cero libros" classname="Listar y eliminar libros" time="0.007">
    <system-out><![CDATA[
Escenario: Catálogo vacío muestra cero libros &amp#27;[90m# features/listar_eliminar.feature:22&amp#27;[0m
  &amp#27;[32mDado &amp#27;[0m&amp#27;[32mque tengo un catálogo vacío&amp#27;[0m            &amp#27;[90m# com.mcic.steps.BibliotecaSteps.catalogoVacio()&amp#27;[0m
  &amp#27;[32mY &amp#27;[0m&amp#27;[32mexisten los siguientes libros:&amp#27;[0m            &amp#27;[90m# com.mcic.steps.BibliotecaSteps.existenLibros(io.cucumber.datatable.DataTable)&amp#27;[0m
    | titulo               | autor                  | isbn           |
    | Cien años de soledad | Gabriel García Márquez | 978-0307474728 |
    | Don Quijote          | Miguel de Cervantes    | 978-8424936464 |
    | 1984                 | George Orwell          | 978-0451524935 |
  &amp#27;[32mDado &amp#27;[0m&amp#27;[32mque tengo un catálogo vacío&amp#27;[0m            &amp#27;[90m# com.mcic.steps.BibliotecaSteps.catalogoVacio()&amp#27;[0m
  &amp#27;[32mCuando &amp#27;[0m&amp#27;[32mconsulto el catálogo&amp#27;[0m                 &amp#27;[90m# com.mcic.steps.BibliotecaSteps.consultarCatalogo()&amp#27;[0m
  &amp#27;[32mEntonces &amp#27;[0m&amp#27;[32mveo &amp#27;[0m&amp#27;[32m&amp#27;[1m0&amp#27;[0m&amp#27;[32m libro(s)&amp#27;[0m                     &amp#27;[90m# com.mcic.steps.BibliotecaSteps.veoNLibros(int)&amp#27;[0m
]]></system-out>
  </testcase>
  <testcase name="Rechazar ISBN vacío" classname="Validación de ISBN" time="0.006">
    <system-out><![CDATA[
Escenario: Rechazar ISBN vacío                                                          &amp#27;[90m# features/validar_isbn.feature:5&amp#27;[0m
  &amp#27;[32mDado &amp#27;[0m&amp#27;[32mque tengo un catálogo vacío&amp#27;[0m                                                      &amp#27;[90m# com.mcic.steps.BibliotecaSteps.catalogoVacio()&amp#27;[0m
  &amp#27;[32mCuando &amp#27;[0m&amp#27;[32mintento agregar un libro con título &amp#27;[0m&amp#27;[32m&amp#27;[1m"Libro Test"&amp#27;[0m&amp#27;[32m, autor &amp#27;[0m&amp#27;[32m&amp#27;[1m"Autor Test"&amp#27;[0m&amp#27;[32m e ISBN &amp#27;[0m&amp#27;[32m&amp#27;[1m""&amp#27;[0m &amp#27;[90m# com.mcic.steps.BibliotecaSteps.intentarAgregarLibro(java.lang.String,java.lang.String,java.lang.String)&amp#27;[0m
  &amp#27;[32mEntonces &amp#27;[0m&amp#27;[32mse muestra un error &amp#27;[0m&amp#27;[32m&amp#27;[1m"El ISBN no puede estar vacío"&amp#27;[0m                           &amp#27;[90m# com.mcic.steps.BibliotecaSteps.seMuestraError(java.lang.String)&amp#27;[0m
]]></system-out>
  </testcase>
  <testcase name="Rechazar ISBN con formato inválido" classname="Validación de ISBN" time="0.005">
    <system-out><![CDATA[
Escenario: Rechazar ISBN con formato inválido                                              &amp#27;[90m# features/validar_isbn.feature:10&amp#27;[0m
  &amp#27;[32mDado &amp#27;[0m&amp#27;[32mque tengo un catálogo vacío&amp#27;[0m                                                         &amp#27;[90m# com.mcic.steps.BibliotecaSteps.catalogoVacio()&amp#27;[0m
  &amp#27;[32mCuando &amp#27;[0m&amp#27;[32mintento agregar un libro con título &amp#27;[0m&amp#27;[32m&amp#27;[1m"Libro Test"&amp#27;[0m&amp#27;[32m, autor &amp#27;[0m&amp#27;[32m&amp#27;[1m"Autor Test"&amp#27;[0m&amp#27;[32m e ISBN &amp#27;[0m&amp#27;[32m&amp#27;[1m"123"&amp#27;[0m &amp#27;[90m# com.mcic.steps.BibliotecaSteps.intentarAgregarLibro(java.lang.String,java.lang.String,java.lang.String)&amp#27;[0m
  &amp#27;[32mEntonces &amp#27;[0m&amp#27;[32mse muestra un error &amp#27;[0m&amp#27;[32m&amp#27;[1m"El ISBN debe tener al menos 10 caracteres"&amp#27;[0m                 &amp#27;[90m# com.mcic.steps.BibliotecaSteps.seMuestraError(java.lang.String)&amp#27;[0m
]]></system-out>
  </testcase>
  <testcase name="Aceptar ISBN válido de 10 dígitos" classname="Validación de ISBN" time="0.004">
    <system-out><![CDATA[
Escenario: Aceptar ISBN válido de 10 dígitos                                             &amp#27;[90m# features/validar_isbn.feature:15&amp#27;[0m
  &amp#27;[32mDado &amp#27;[0m&amp#27;[32mque tengo un catálogo vacío&amp#27;[0m                                                       &amp#27;[90m# com.mcic.steps.BibliotecaSteps.catalogoVacio()&amp#27;[0m
  &amp#27;[32mCuando &amp#27;[0m&amp#27;[32magrego un libro con título &amp#27;[0m&amp#27;[32m&amp#27;[1m"Libro Test"&amp#27;[0m&amp#27;[32m, autor &amp#27;[0m&amp#27;[32m&amp#27;[1m"Autor Test"&amp#27;[0m&amp#27;[32m e ISBN &amp#27;[0m&amp#27;[32m&amp#27;[1m"1234567890"&amp#27;[0m &amp#27;[90m# com.mcic.steps.BibliotecaSteps.agregarLibro(java.lang.String,java.lang.String,java.lang.String)&amp#27;[0m
  &amp#27;[32mEntonces &amp#27;[0m&amp#27;[32mel libro existe en el catálogo&amp#27;[0m                                                &amp#27;[90m# com.mcic.steps.BibliotecaSteps.libroExisteEnCatalogo()&amp#27;[0m
]]></system-out>
  </testcase>
  <testcase name="Aceptar ISBN válido de 13 dígitos" classname="Validación de ISBN" time="0.003">
    <system-out><![CDATA[
Escenario: Aceptar ISBN válido de 13 dígitos                                                 &amp#27;[90m# features/validar_isbn.feature:20&amp#27;[0m
  &amp#27;[32mDado &amp#27;[0m&amp#27;[32mque tengo un catálogo vacío&amp#27;[0m                                                           &amp#27;[90m# com.mcic.steps.BibliotecaSteps.catalogoVacio()&amp#27;[0m
  &amp#27;[32mCuando &amp#27;[0m&amp#27;[32magrego un libro con título &amp#27;[0m&amp#27;[32m&amp#27;[1m"Libro Test"&amp#27;[0m&amp#27;[32m, autor &amp#27;[0m&amp#27;[32m&amp#27;[1m"Autor Test"&amp#27;[0m&amp#27;[32m e ISBN &amp#27;[0m&amp#27;[32m&amp#27;[1m"978-1234567890"&amp#27;[0m &amp#27;[90m# com.mcic.steps.BibliotecaSteps.agregarLibro(java.lang.String,java.lang.String,java.lang.String)&amp#27;[0m
  &amp#27;[32mEntonces &amp#27;[0m&amp#27;[32mel libro existe en el catálogo&amp#27;[0m                                                    &amp#27;[90m# com.mcic.steps.BibliotecaSteps.libroExisteEnCatalogo()&amp#27;[0m
]]></system-out>
  </testcase>
</testsuite>